# JRE version: OpenJDK Runtime Environment Temurin-21.0.8+9 (21.0.8+9) (build 21.0.8+9-LTS)
# Java VM: OpenJDK 64-Bit Server VM Temurin-21.0.8+9 (21.0.8+9-LTS, mixed mode, sharing, tiered, compressed oops, compressed class ptrs, parallel gc, windows-amd64)
GC Precious Log:
 CardTable entry size: 512
 CPUs: 12 total, 12 available
 Memory: 7365M
 Large Page Support: Disabled
 NUMA Support: Disabled
 Compressed Oops: Enabled (32-bit)
 Alignments: Space 512K, Generation 512K, Heap 2M
 Heap Min Capacity: 100M
 Heap Initial Capacity: 100M
 Heap Max Capacity: 2G
 Pre-touch: Disabled
 Parallel Workers: 10
Heap:
 PSYoungGen      total 1536K, used 415K [0x00000000d5580000, 0x00000000d5900000, 0x0000000100000000)
  eden space 1024K, 12% used [0x00000000d5580000,0x00000000d559ff90,0x00000000d5680000)
  from space 512K, 56% used [0x00000000d5800000,0x00000000d5848000,0x00000000d5880000)
  to   space 512K, 0% used [0x00000000d5880000,0x00000000d5880000,0x00000000d5900000)
 ParOldGen       total 261632K, used 261435K [0x0000000080000000, 0x000000008ff80000, 0x00000000d5580000)
  object space 261632K, 99% used [0x0000000080000000,0x000000008ff4ed58,0x000000008ff80000)
 Metaspace       used 99016K, committed 100608K, reserved 1179648K
  class space    used 10557K, committed 11264K, reserved 1048576K
GC Heap History (20 events):
Event: 285368.413 GC heap before
{Heap before GC invocations=2799 (full 6):
 PSYoungGen      total 4096K, used 3808K [0x00000000d5580000, 0x00000000d5b00000, 0x0000000100000000)
  eden space 3072K, 100% used [0x00000000d5580000,0x00000000d5880000,0x00000000d5880000)
  from space 1024K, 71% used [0x00000000d5880000,0x00000000d5938000,0x00000000d5980000)
  to   space 1024K, 0% used [0x00000000d5a00000,0x00000000d5a00000,0x00000000d5b00000)
 ParOldGen       total 256512K, used 256417K [0x0000000080000000, 0x000000008fa80000, 0x00000000d5580000)
  object space 256512K, 99% used [0x0000000080000000,0x000000008fa68748,0x000000008fa80000)
 Metaspace       used 99015K, committed 100608K, reserved 1179648K
  class space    used 10557K, committed 11264K, reserved 1048576K
}
Event: 285368.416 GC heap after
{Heap after GC invocations=2799 (full 6):
 PSYoungGen      total 2048K, used 1009K [0x00000000d5580000, 0x00000000d5f80000, 0x0000000100000000)
  eden space 1024K, 0% used [0x00000000d5580000,0x00000000d5580000,0x00000000d5680000)
  from space 1024K, 98% used [0x00000000d5a00000,0x00000000d5afc610,0x00000000d5b00000)
  to   space 3584K, 0% used [0x00000000d5680000,0x00000000d5680000,0x00000000d5a00000)
 ParOldGen       total 258560K, used 258385K [0x0000000080000000, 0x000000008fc80000, 0x00000000d5580000)
  object space 258560K, 99% used [0x0000000080000000,0x000000008fc54748,0x000000008fc80000)
 Metaspace       used 99015K, committed 100608K, reserved 1179648K
  class space    used 10557K, committed 11264K, reserved 1048576K
}
Event: 285368.419 GC heap before
{Heap before GC invocations=2800 (full 6):
 PSYoungGen      total 2048K, used 2033K [0x00000000d5580000, 0x00000000d5f80000, 0x0000000100000000)
  eden space 1024K, 100% used [0x00000000d5580000,0x00000000d5680000,0x00000000d5680000)
  from space 1024K, 98% used [0x00000000d5a00000,0x00000000d5afc610,0x00000000d5b00000)
  to   space 3584K, 0% used [0x00000000d5680000,0x00000000d5680000,0x00000000d5a00000)
 ParOldGen       total 258560K, used 258385K [0x0000000080000000, 0x000000008fc80000, 0x00000000d5580000)
  object space 258560K, 99% used [0x0000000080000000,0x000000008fc54748,0x000000008fc80000)
 Metaspace       used 99016K, committed 100608K, reserved 1179648K
  class space    used 10557K, committed 11264K, reserved 1048576K
}
Event: 285368.422 GC heap after
{Heap after GC invocations=2800 (full 6):
 PSYoungGen      total 2560K, used 1120K [0x00000000d5580000, 0x00000000d5a80000, 0x0000000100000000)
  eden space 1024K, 0% used [0x00000000d5580000,0x00000000d5580000,0x00000000d5680000)
  from space 1536K, 72% used [0x00000000d5680000,0x00000000d5798000,0x00000000d5800000)
  to   space 2048K, 0% used [0x00000000d5880000,0x00000000d5880000,0x00000000d5a80000)
 ParOldGen       total 259584K, used 259451K [0x0000000080000000, 0x000000008fd80000, 0x00000000d5580000)
  object space 259584K, 99% used [0x0000000080000000,0x000000008fd5ed58,0x000000008fd80000)
 Metaspace       used 99016K, committed 100608K, reserved 1179648K
  class space    used 10557K, committed 11264K, reserved 1048576K
}
Event: 285491.099 GC heap before
{Heap before GC invocations=2801 (full 6):
 PSYoungGen      total 2560K, used 2144K [0x00000000d5580000, 0x00000000d5a80000, 0x0000000100000000)
  eden space 1024K, 100% used [0x00000000d5580000,0x00000000d5680000,0x00000000d5680000)
  from space 1536K, 72% used [0x00000000d5680000,0x00000000d5798000,0x00000000d5800000)
  to   space 2048K, 0% used [0x00000000d5880000,0x00000000d5880000,0x00000000d5a80000)
 ParOldGen       total 259584K, used 259451K [0x0000000080000000, 0x000000008fd80000, 0x00000000d5580000)
  object space 259584K, 99% used [0x0000000080000000,0x000000008fd5ed58,0x000000008fd80000)
 Metaspace       used 99016K, committed 100608K, reserved 1179648K
  class space    used 10557K, committed 11264K, reserved 1048576K
}
Event: 285491.108 GC heap after
{Heap after GC invocations=2801 (full 6):
 PSYoungGen      total 2048K, used 576K [0x00000000d5580000, 0x00000000d5980000, 0x0000000100000000)
  eden space 1024K, 0% used [0x00000000d5580000,0x00000000d5580000,0x00000000d5680000)
  from space 1024K, 56% used [0x00000000d5880000,0x00000000d5910000,0x00000000d5980000)
  to   space 1024K, 0% used [0x00000000d5780000,0x00000000d5780000,0x00000000d5880000)
 ParOldGen       total 260608K, used 260443K [0x0000000080000000, 0x000000008fe80000, 0x00000000d5580000)
  object space 260608K, 99% used [0x0000000080000000,0x000000008fe56d58,0x000000008fe80000)
 Metaspace       used 99016K, committed 100608K, reserved 1179648K
  class space    used 10557K, committed 11264K, reserved 1048576K
}
Event: 285491.189 GC heap before
{Heap before GC invocations=2802 (full 6):
 PSYoungGen      total 2048K, used 1600K [0x00000000d5580000, 0x00000000d5980000, 0x0000000100000000)
  eden space 1024K, 100% used [0x00000000d5580000,0x00000000d5680000,0x00000000d5680000)
  from space 1024K, 56% used [0x00000000d5880000,0x00000000d5910000,0x00000000d5980000)
  to   space 1024K, 0% used [0x00000000d5780000,0x00000000d5780000,0x00000000d5880000)
 ParOldGen       total 260608K, used 260443K [0x0000000080000000, 0x000000008fe80000, 0x00000000d5580000)
  object space 260608K, 99% used [0x0000000080000000,0x000000008fe56d58,0x000000008fe80000)
 Metaspace       used 99016K, committed 100608K, reserved 1179648K
  class space    used 10557K, committed 11264K, reserved 1048576K
}
Event: 285491.192 GC heap after
{Heap after GC invocations=2802 (full 6):
 PSYoungGen      total 2048K, used 320K [0x00000000d5580000, 0x00000000d5900000, 0x0000000100000000)
  eden space 1024K, 0% used [0x00000000d5580000,0x00000000d5580000,0x00000000d5680000)
  from space 1024K, 31% used [0x00000000d5780000,0x00000000d57d0000,0x00000000d5880000)
  to   space 512K, 0% used [0x00000000d5880000,0x00000000d5880000,0x00000000d5900000)
 ParOldGen       total 261120K, used 260891K [0x0000000080000000, 0x000000008ff00000, 0x00000000d5580000)
  object space 261120K, 99% used [0x0000000080000000,0x000000008fec6d58,0x000000008ff00000)
 Metaspace       used 99016K, committed 100608K, reserved 1179648K
  class space    used 10557K, committed 11264K, reserved 1048576K
}
Event: 285493.717 GC heap before
{Heap before GC invocations=2803 (full 6):
 PSYoungGen      total 2048K, used 1343K [0x00000000d5580000, 0x00000000d5900000, 0x0000000100000000)
  eden space 1024K, 99% used [0x00000000d5580000,0x00000000d567fff0,0x00000000d5680000)
  from space 1024K, 31% used [0x00000000d5780000,0x00000000d57d0000,0x00000000d5880000)
  to   space 512K, 0% used [0x00000000d5880000,0x00000000d5880000,0x00000000d5900000)
 ParOldGen       total 261120K, used 260891K [0x0000000080000000, 0x000000008ff00000, 0x00000000d5580000)
  object space 261120K, 99% used [0x0000000080000000,0x000000008fec6d58,0x000000008ff00000)
 Metaspace       used 99016K, committed 100608K, reserved 1179648K
  class space    used 10557K, committed 11264K, reserved 1048576K
}
Event: 285493.719 GC heap after
{Heap after GC invocations=2803 (full 6):
 PSYoungGen      total 1536K, used 256K [0x00000000d5580000, 0x00000000d5900000, 0x0000000100000000)
  eden space 1024K, 0% used [0x00000000d5580000,0x00000000d5580000,0x00000000d5680000)
  from space 512K, 50% used [0x00000000d5880000,0x00000000d58c0000,0x00000000d5900000)
  to   space 512K, 0% used [0x00000000d5800000,0x00000000d5800000,0x00000000d5880000)
 ParOldGen       total 261120K, used 260979K [0x0000000080000000, 0x000000008ff00000, 0x00000000d5580000)
  object space 261120K, 99% used [0x0000000080000000,0x000000008fedcd58,0x000000008ff00000)
 Metaspace       used 99016K, committed 100608K, reserved 1179648K
  class space    used 10557K, committed 11264K, reserved 1048576K
}
Event: 285493.749 GC heap before
{Heap before GC invocations=2804 (full 6):
 PSYoungGen      total 1536K, used 1280K [0x00000000d5580000, 0x00000000d5900000, 0x0000000100000000)
  eden space 1024K, 100% used [0x00000000d5580000,0x00000000d5680000,0x00000000d5680000)
  from space 512K, 50% used [0x00000000d5880000,0x00000000d58c0000,0x00000000d5900000)
  to   space 512K, 0% used [0x00000000d5800000,0x00000000d5800000,0x00000000d5880000)
 ParOldGen       total 261120K, used 260979K [0x0000000080000000, 0x000000008ff00000, 0x00000000d5580000)
  object space 261120K, 99% used [0x0000000080000000,0x000000008fedcd58,0x000000008ff00000)
 Metaspace       used 99016K, committed 100608K, reserved 1179648K
  class space    used 10557K, committed 11264K, reserved 1048576K
}
Event: 285493.752 GC heap after
{Heap after GC invocations=2804 (full 6):
 PSYoungGen      total 1536K, used 320K [0x00000000d5580000, 0x00000000d5900000, 0x0000000100000000)
  eden space 1024K, 0% used [0x00000000d5580000,0x00000000d5580000,0x00000000d5680000)
  from space 512K, 62% used [0x00000000d5800000,0x00000000d5850000,0x00000000d5880000)
  to   space 512K, 0% used [0x00000000d5880000,0x00000000d5880000,0x00000000d5900000)
 ParOldGen       total 261120K, used 261051K [0x0000000080000000, 0x000000008ff00000, 0x00000000d5580000)
  object space 261120K, 99% used [0x0000000080000000,0x000000008feeed58,0x000000008ff00000)
 Metaspace       used 99016K, committed 100608K, reserved 1179648K
  class space    used 10557K, committed 11264K, reserved 1048576K
}
Event: 285494.875 GC heap before
{Heap before GC invocations=2805 (full 6):
 PSYoungGen      total 1536K, used 1344K [0x00000000d5580000, 0x00000000d5900000, 0x0000000100000000)
  eden space 1024K, 100% used [0x00000000d5580000,0x00000000d5680000,0x00000000d5680000)
  from space 512K, 62% used [0x00000000d5800000,0x00000000d5850000,0x00000000d5880000)
  to   space 512K, 0% used [0x00000000d5880000,0x00000000d5880000,0x00000000d5900000)
 ParOldGen       total 261120K, used 261051K [0x0000000080000000, 0x000000008ff00000, 0x00000000d5580000)
  object space 261120K, 99% used [0x0000000080000000,0x000000008feeed58,0x000000008ff00000)
 Metaspace       used 99016K, committed 100608K, reserved 1179648K
  class space    used 10557K, committed 11264K, reserved 1048576K
}
Event: 285494.876 GC heap after
{Heap after GC invocations=2805 (full 6):
 PSYoungGen      total 1536K, used 256K [0x00000000d5580000, 0x00000000d5900000, 0x0000000100000000)
  eden space 1024K, 0% used [0x00000000d5580000,0x00000000d5580000,0x00000000d5680000)
  from space 512K, 50% used [0x00000000d5880000,0x00000000d58c0000,0x00000000d5900000)
  to   space 512K, 0% used [0x00000000d5800000,0x00000000d5800000,0x00000000d5880000)
 ParOldGen       total 261632K, used 261131K [0x0000000080000000, 0x000000008ff80000, 0x00000000d5580000)
  object space 261632K, 99% used [0x0000000080000000,0x000000008ff02d58,0x000000008ff80000)
 Metaspace       used 99016K, committed 100608K, reserved 1179648K
  class space    used 10557K, committed 11264K, reserved 1048576K
}
Event: 285494.898 GC heap before
{Heap before GC invocations=2806 (full 6):
 PSYoungGen      total 1536K, used 1280K [0x00000000d5580000, 0x00000000d5900000, 0x0000000100000000)
  eden space 1024K, 100% used [0x00000000d5580000,0x00000000d5680000,0x00000000d5680000)
  from space 512K, 50% used [0x00000000d5880000,0x00000000d58c0000,0x00000000d5900000)
  to   space 512K, 0% used [0x00000000d5800000,0x00000000d5800000,0x00000000d5880000)
 ParOldGen       total 261632K, used 261131K [0x0000000080000000, 0x000000008ff80000, 0x00000000d5580000)
  object space 261632K, 99% used [0x0000000080000000,0x000000008ff02d58,0x000000008ff80000)
 Metaspace       used 99016K, committed 100608K, reserved 1179648K
  class space    used 10557K, committed 11264K, reserved 1048576K
}
Event: 285494.900 GC heap after
{Heap after GC invocations=2806 (full 6):
 PSYoungGen      total 1536K, used 320K [0x00000000d5580000, 0x00000000d5900000, 0x0000000100000000)
  eden space 1024K, 0% used [0x00000000d5580000,0x00000000d5580000,0x00000000d5680000)
  from space 512K, 62% used [0x00000000d5800000,0x00000000d5850020,0x00000000d5880000)
  to   space 512K, 0% used [0x00000000d5880000,0x00000000d5880000,0x00000000d5900000)
 ParOldGen       total 261632K, used 261243K [0x0000000080000000, 0x000000008ff80000, 0x00000000d5580000)
  object space 261632K, 99% used [0x0000000080000000,0x000000008ff1ed58,0x000000008ff80000)
 Metaspace       used 99016K, committed 100608K, reserved 1179648K
  class space    used 10557K, committed 11264K, reserved 1048576K
}
Event: 285501.583 GC heap before
{Heap before GC invocations=2807 (full 6):
 PSYoungGen      total 1536K, used 1344K [0x00000000d5580000, 0x00000000d5900000, 0x0000000100000000)
  eden space 1024K, 100% used [0x00000000d5580000,0x00000000d5680000,0x00000000d5680000)
  from space 512K, 62% used [0x00000000d5800000,0x00000000d5850020,0x00000000d5880000)
  to   space 512K, 0% used [0x00000000d5880000,0x00000000d5880000,0x00000000d5900000)
 ParOldGen       total 261632K, used 261243K [0x0000000080000000, 0x000000008ff80000, 0x00000000d5580000)
  object space 261632K, 99% used [0x0000000080000000,0x000000008ff1ed58,0x000000008ff80000)
 Metaspace       used 99016K, committed 100608K, reserved 1179648K
  class space    used 10557K, committed 11264K, reserved 1048576K
}
Event: 285501.585 GC heap after
{Heap after GC invocations=2807 (full 6):
 PSYoungGen      total 1536K, used 288K [0x00000000d5580000, 0x00000000d5900000, 0x0000000100000000)
  eden space 1024K, 0% used [0x00000000d5580000,0x00000000d5580000,0x00000000d5680000)
  from space 512K, 56% used [0x00000000d5880000,0x00000000d58c8000,0x00000000d5900000)
  to   space 512K, 0% used [0x00000000d5800000,0x00000000d5800000,0x00000000d5880000)
 ParOldGen       total 261632K, used 261307K [0x0000000080000000, 0x000000008ff80000, 0x00000000d5580000)
  object space 261632K, 99% used [0x0000000080000000,0x000000008ff2ed58,0x000000008ff80000)
 Metaspace       used 99016K, committed 100608K, reserved 1179648K
  class space    used 10557K, committed 11264K, reserved 1048576K
}
Event: 285501.612 GC heap before
{Heap before GC invocations=2808 (full 6):
 PSYoungGen      total 1536K, used 1312K [0x00000000d5580000, 0x00000000d5900000, 0x0000000100000000)
  eden space 1024K, 100% used [0x00000000d5580000,0x00000000d5680000,0x00000000d5680000)
  from space 512K, 56% used [0x00000000d5880000,0x00000000d58c8000,0x00000000d5900000)
  to   space 512K, 0% used [0x00000000d5800000,0x00000000d5800000,0x00000000d5880000)
 ParOldGen       total 261632K, used 261307K [0x0000000080000000, 0x000000008ff80000, 0x00000000d5580000)
  object space 261632K, 99% used [0x0000000080000000,0x000000008ff2ed58,0x000000008ff80000)
 Metaspace       used 99016K, committed 100608K, reserved 1179648K
  class space    used 10557K, committed 11264K, reserved 1048576K
}
Event: 285501.615 GC heap after
{Heap after GC invocations=2808 (full 6):
 PSYoungGen      total 1536K, used 288K [0x00000000d5580000, 0x00000000d5900000, 0x0000000100000000)
  eden space 1024K, 0% used [0x00000000d5580000,0x00000000d5580000,0x00000000d5680000)
  from space 512K, 56% used [0x00000000d5800000,0x00000000d5848000,0x00000000d5880000)
  to   space 512K, 0% used [0x00000000d5880000,0x00000000d5880000,0x00000000d5900000)
 ParOldGen       total 261632K, used 261435K [0x0000000080000000, 0x000000008ff80000, 0x00000000d5580000)
  object space 261632K, 99% used [0x0000000080000000,0x000000008ff4ed58,0x000000008ff80000)
 Metaspace       used 99016K, committed 100608K, reserved 1179648K
  class space    used 10557K, committed 11264K, reserved 1048576K
}

