# JRE version: OpenJDK Runtime Environment Temurin-21.0.8+9 (21.0.8+9) (build 21.0.8+9-LTS)
# Java VM: OpenJDK 64-Bit Server VM Temurin-21.0.8+9 (21.0.8+9-LTS, mixed mode, sharing, tiered, compressed oops, compressed class ptrs, parallel gc, windows-amd64)
GC Precious Log:
 CardTable entry size: 512
 CPUs: 12 total, 12 available
 Memory: 7365M
 Large Page Support: Disabled
 NUMA Support: Disabled
 Compressed Oops: Enabled (32-bit)
 Alignments: Space 512K, Generation 512K, Heap 2M
 Heap Min Capacity: 100M
 Heap Initial Capacity: 100M
 Heap Max Capacity: 2G
 Pre-touch: Disabled
 Parallel Workers: 10
Heap:
 PSYoungGen      total 2048K, used 825K [0x00000000d5580000, 0x00000000d5880000, 0x0000000100000000)
  eden space 1536K, 42% used [0x00000000d5580000,0x00000000d5623ac0,0x00000000d5700000)
  from space 512K, 37% used [0x00000000d5780000,0x00000000d57b0000,0x00000000d5800000)
  to   space 512K, 0% used [0x00000000d5800000,0x00000000d5800000,0x00000000d5880000)
 ParOldGen       total 802304K, used 802174K [0x0000000080000000, 0x00000000b0f80000, 0x00000000d5580000)
  object space 802304K, 99% used [0x0000000080000000,0x00000000b0f5f928,0x00000000b0f80000)
 Metaspace       used 59915K, committed 61248K, reserved 1114112K
  class space    used 6510K, committed 7104K, reserved 1048576K
GC Heap History (20 events):
Event: 64.320 GC heap before
{Heap before GC invocations=1603 (full 3):
 PSYoungGen      total 3072K, used 2714K [0x00000000d5580000, 0x00000000d5980000, 0x0000000100000000)
  eden space 2048K, 100% used [0x00000000d5580000,0x00000000d5780000,0x00000000d5780000)
  from space 1024K, 65% used [0x00000000d5780000,0x00000000d5826af8,0x00000000d5880000)
  to   space 1024K, 0% used [0x00000000d5880000,0x00000000d5880000,0x00000000d5980000)
 ParOldGen       total 798208K, used 798194K [0x0000000080000000, 0x00000000b0b80000, 0x00000000d5580000)
  object space 798208K, 99% used [0x0000000080000000,0x00000000b0b7cb08,0x00000000b0b80000)
 Metaspace       used 59536K, committed 60800K, reserved 1114112K
  class space    used 6473K, committed 7040K, reserved 1048576K
}
Event: 64.322 GC heap after
{Heap after GC invocations=1603 (full 3):
 PSYoungGen      total 2560K, used 1024K [0x00000000d5580000, 0x00000000d5a80000, 0x0000000100000000)
  eden space 1536K, 0% used [0x00000000d5580000,0x00000000d5580000,0x00000000d5700000)
  from space 1024K, 100% used [0x00000000d5880000,0x00000000d5980000,0x00000000d5980000)
  to   space 1536K, 0% used [0x00000000d5700000,0x00000000d5700000,0x00000000d5880000)
 ParOldGen       total 798720K, used 798535K [0x0000000080000000, 0x00000000b0c00000, 0x00000000d5580000)
  object space 798720K, 99% used [0x0000000080000000,0x00000000b0bd1d18,0x00000000b0c00000)
 Metaspace       used 59536K, committed 60800K, reserved 1114112K
  class space    used 6473K, committed 7040K, reserved 1048576K
}
Event: 64.337 GC heap before
{Heap before GC invocations=1604 (full 3):
 PSYoungGen      total 2560K, used 2560K [0x00000000d5580000, 0x00000000d5a80000, 0x0000000100000000)
  eden space 1536K, 100% used [0x00000000d5580000,0x00000000d5700000,0x00000000d5700000)
  from space 1024K, 100% used [0x00000000d5880000,0x00000000d5980000,0x00000000d5980000)
  to   space 1536K, 0% used [0x00000000d5700000,0x00000000d5700000,0x00000000d5880000)
 ParOldGen       total 798720K, used 798535K [0x0000000080000000, 0x00000000b0c00000, 0x00000000d5580000)
  object space 798720K, 99% used [0x0000000080000000,0x00000000b0bd1d18,0x00000000b0c00000)
 Metaspace       used 59536K, committed 60800K, reserved 1114112K
  class space    used 6473K, committed 7040K, reserved 1048576K
}
Event: 64.339 GC heap after
{Heap after GC invocations=1604 (full 3):
 PSYoungGen      total 2560K, used 800K [0x00000000d5580000, 0x00000000d5900000, 0x0000000100000000)
  eden space 1536K, 0% used [0x00000000d5580000,0x00000000d5580000,0x00000000d5700000)
  from space 1024K, 78% used [0x00000000d5700000,0x00000000d57c8000,0x00000000d5800000)
  to   space 1024K, 0% used [0x00000000d5800000,0x00000000d5800000,0x00000000d5900000)
 ParOldGen       total 799744K, used 799254K [0x0000000080000000, 0x00000000b0d00000, 0x00000000d5580000)
  object space 799744K, 99% used [0x0000000080000000,0x00000000b0c859a8,0x00000000b0d00000)
 Metaspace       used 59536K, committed 60800K, reserved 1114112K
  class space    used 6473K, committed 7040K, reserved 1048576K
}
Event: 64.363 GC heap before
{Heap before GC invocations=1605 (full 3):
 PSYoungGen      total 2560K, used 2336K [0x00000000d5580000, 0x00000000d5900000, 0x0000000100000000)
  eden space 1536K, 100% used [0x00000000d5580000,0x00000000d5700000,0x00000000d5700000)
  from space 1024K, 78% used [0x00000000d5700000,0x00000000d57c8000,0x00000000d5800000)
  to   space 1024K, 0% used [0x00000000d5800000,0x00000000d5800000,0x00000000d5900000)
 ParOldGen       total 799744K, used 799254K [0x0000000080000000, 0x00000000b0d00000, 0x00000000d5580000)
  object space 799744K, 99% used [0x0000000080000000,0x00000000b0c859a8,0x00000000b0d00000)
 Metaspace       used 59536K, committed 60800K, reserved 1114112K
  class space    used 6473K, committed 7040K, reserved 1048576K
}
Event: 64.367 GC heap after
{Heap after GC invocations=1605 (full 3):
 PSYoungGen      total 2560K, used 576K [0x00000000d5580000, 0x00000000d5900000, 0x0000000100000000)
  eden space 1536K, 0% used [0x00000000d5580000,0x00000000d5580000,0x00000000d5700000)
  from space 1024K, 56% used [0x00000000d5800000,0x00000000d5890000,0x00000000d5900000)
  to   space 1024K, 0% used [0x00000000d5700000,0x00000000d5700000,0x00000000d5800000)
 ParOldGen       total 799744K, used 799741K [0x0000000080000000, 0x00000000b0d00000, 0x00000000d5580000)
  object space 799744K, 99% used [0x0000000080000000,0x00000000b0cff430,0x00000000b0d00000)
 Metaspace       used 59536K, committed 60800K, reserved 1114112K
  class space    used 6473K, committed 7040K, reserved 1048576K
}
Event: 64.401 GC heap before
{Heap before GC invocations=1606 (full 3):
 PSYoungGen      total 2560K, used 2112K [0x00000000d5580000, 0x00000000d5900000, 0x0000000100000000)
  eden space 1536K, 100% used [0x00000000d5580000,0x00000000d5700000,0x00000000d5700000)
  from space 1024K, 56% used [0x00000000d5800000,0x00000000d5890000,0x00000000d5900000)
  to   space 1024K, 0% used [0x00000000d5700000,0x00000000d5700000,0x00000000d5800000)
 ParOldGen       total 799744K, used 799741K [0x0000000080000000, 0x00000000b0d00000, 0x00000000d5580000)
  object space 799744K, 99% used [0x0000000080000000,0x00000000b0cff430,0x00000000b0d00000)
 Metaspace       used 59536K, committed 60800K, reserved 1114112K
  class space    used 6473K, committed 7040K, reserved 1048576K
}
Event: 64.404 GC heap after
{Heap after GC invocations=1606 (full 3):
 PSYoungGen      total 2560K, used 512K [0x00000000d5580000, 0x00000000d5900000, 0x0000000100000000)
  eden space 1536K, 0% used [0x00000000d5580000,0x00000000d5580000,0x00000000d5700000)
  from space 1024K, 50% used [0x00000000d5700000,0x00000000d5780000,0x00000000d5800000)
  to   space 1024K, 0% used [0x00000000d5800000,0x00000000d5800000,0x00000000d5900000)
 ParOldGen       total 800256K, used 800202K [0x0000000080000000, 0x00000000b0d80000, 0x00000000d5580000)
  object space 800256K, 99% used [0x0000000080000000,0x00000000b0d72ac0,0x00000000b0d80000)
 Metaspace       used 59536K, committed 60800K, reserved 1114112K
  class space    used 6473K, committed 7040K, reserved 1048576K
}
Event: 64.436 GC heap before
{Heap before GC invocations=1607 (full 3):
 PSYoungGen      total 2560K, used 2048K [0x00000000d5580000, 0x00000000d5900000, 0x0000000100000000)
  eden space 1536K, 100% used [0x00000000d5580000,0x00000000d5700000,0x00000000d5700000)
  from space 1024K, 50% used [0x00000000d5700000,0x00000000d5780000,0x00000000d5800000)
  to   space 1024K, 0% used [0x00000000d5800000,0x00000000d5800000,0x00000000d5900000)
 ParOldGen       total 800256K, used 800202K [0x0000000080000000, 0x00000000b0d80000, 0x00000000d5580000)
  object space 800256K, 99% used [0x0000000080000000,0x00000000b0d72ac0,0x00000000b0d80000)
 Metaspace       used 59537K, committed 60800K, reserved 1114112K
  class space    used 6473K, committed 7040K, reserved 1048576K
}
Event: 64.438 GC heap after
{Heap after GC invocations=1607 (full 3):
 PSYoungGen      total 2560K, used 640K [0x00000000d5580000, 0x00000000d5900000, 0x0000000100000000)
  eden space 1536K, 0% used [0x00000000d5580000,0x00000000d5580000,0x00000000d5700000)
  from space 1024K, 62% used [0x00000000d5800000,0x00000000d58a0000,0x00000000d5900000)
  to   space 1024K, 0% used [0x00000000d5700000,0x00000000d5700000,0x00000000d5800000)
 ParOldGen       total 800768K, used 800648K [0x0000000080000000, 0x00000000b0e00000, 0x00000000d5580000)
  object space 800768K, 99% used [0x0000000080000000,0x00000000b0de20d0,0x00000000b0e00000)
 Metaspace       used 59537K, committed 60800K, reserved 1114112K
  class space    used 6473K, committed 7040K, reserved 1048576K
}
Event: 64.461 GC heap before
{Heap before GC invocations=1608 (full 3):
 PSYoungGen      total 2560K, used 2176K [0x00000000d5580000, 0x00000000d5900000, 0x0000000100000000)
  eden space 1536K, 100% used [0x00000000d5580000,0x00000000d5700000,0x00000000d5700000)
  from space 1024K, 62% used [0x00000000d5800000,0x00000000d58a0000,0x00000000d5900000)
  to   space 1024K, 0% used [0x00000000d5700000,0x00000000d5700000,0x00000000d5800000)
 ParOldGen       total 800768K, used 800648K [0x0000000080000000, 0x00000000b0e00000, 0x00000000d5580000)
  object space 800768K, 99% used [0x0000000080000000,0x00000000b0de20d0,0x00000000b0e00000)
 Metaspace       used 59537K, committed 60800K, reserved 1114112K
  class space    used 6473K, committed 7040K, reserved 1048576K
}
Event: 64.464 GC heap after
{Heap after GC invocations=1608 (full 3):
 PSYoungGen      total 2560K, used 672K [0x00000000d5580000, 0x00000000d5900000, 0x0000000100000000)
  eden space 1536K, 0% used [0x00000000d5580000,0x00000000d5580000,0x00000000d5700000)
  from space 1024K, 65% used [0x00000000d5700000,0x00000000d57a8000,0x00000000d5800000)
  to   space 1024K, 0% used [0x00000000d5800000,0x00000000d5800000,0x00000000d5900000)
 ParOldGen       total 801280K, used 801016K [0x0000000080000000, 0x00000000b0e80000, 0x00000000d5580000)
  object space 801280K, 99% used [0x0000000080000000,0x00000000b0e3e0d0,0x00000000b0e80000)
 Metaspace       used 59537K, committed 60800K, reserved 1114112K
  class space    used 6473K, committed 7040K, reserved 1048576K
}
Event: 64.489 GC heap before
{Heap before GC invocations=1609 (full 3):
 PSYoungGen      total 2560K, used 2208K [0x00000000d5580000, 0x00000000d5900000, 0x0000000100000000)
  eden space 1536K, 100% used [0x00000000d5580000,0x00000000d5700000,0x00000000d5700000)
  from space 1024K, 65% used [0x00000000d5700000,0x00000000d57a8000,0x00000000d5800000)
  to   space 1024K, 0% used [0x00000000d5800000,0x00000000d5800000,0x00000000d5900000)
 ParOldGen       total 801280K, used 801016K [0x0000000080000000, 0x00000000b0e80000, 0x00000000d5580000)
  object space 801280K, 99% used [0x0000000080000000,0x00000000b0e3e0d0,0x00000000b0e80000)
 Metaspace       used 59537K, committed 60800K, reserved 1114112K
  class space    used 6473K, committed 7040K, reserved 1048576K
}
Event: 64.491 GC heap after
{Heap after GC invocations=1609 (full 3):
 PSYoungGen      total 2560K, used 576K [0x00000000d5580000, 0x00000000d5900000, 0x0000000100000000)
  eden space 1536K, 0% used [0x00000000d5580000,0x00000000d5580000,0x00000000d5700000)
  from space 1024K, 56% used [0x00000000d5800000,0x00000000d5890000,0x00000000d5900000)
  to   space 1024K, 0% used [0x00000000d5700000,0x00000000d5700000,0x00000000d5800000)
 ParOldGen       total 801792K, used 801470K [0x0000000080000000, 0x00000000b0f00000, 0x00000000d5580000)
  object space 801792K, 99% used [0x0000000080000000,0x00000000b0eafa50,0x00000000b0f00000)
 Metaspace       used 59537K, committed 60800K, reserved 1114112K
  class space    used 6473K, committed 7040K, reserved 1048576K
}
Event: 79.300 GC heap before
{Heap before GC invocations=1610 (full 3):
 PSYoungGen      total 2560K, used 2096K [0x00000000d5580000, 0x00000000d5900000, 0x0000000100000000)
  eden space 1536K, 98% used [0x00000000d5580000,0x00000000d56fc190,0x00000000d5700000)
  from space 1024K, 56% used [0x00000000d5800000,0x00000000d5890000,0x00000000d5900000)
  to   space 1024K, 0% used [0x00000000d5700000,0x00000000d5700000,0x00000000d5800000)
 ParOldGen       total 801792K, used 801470K [0x0000000080000000, 0x00000000b0f00000, 0x00000000d5580000)
  object space 801792K, 99% used [0x0000000080000000,0x00000000b0eafa50,0x00000000b0f00000)
 Metaspace       used 59568K, committed 60864K, reserved 1114112K
  class space    used 6476K, committed 7040K, reserved 1048576K
}
Event: 79.312 GC heap after
{Heap after GC invocations=1610 (full 3):
 PSYoungGen      total 2560K, used 320K [0x00000000d5580000, 0x00000000d5880000, 0x0000000100000000)
  eden space 1536K, 0% used [0x00000000d5580000,0x00000000d5580000,0x00000000d5700000)
  from space 1024K, 31% used [0x00000000d5700000,0x00000000d5750000,0x00000000d5800000)
  to   space 512K, 0% used [0x00000000d5800000,0x00000000d5800000,0x00000000d5880000)
 ParOldGen       total 802304K, used 801928K [0x0000000080000000, 0x00000000b0f80000, 0x00000000d5580000)
  object space 802304K, 99% used [0x0000000080000000,0x00000000b0f22268,0x00000000b0f80000)
 Metaspace       used 59568K, committed 60864K, reserved 1114112K
  class space    used 6476K, committed 7040K, reserved 1048576K
}
Event: 79.710 GC heap before
{Heap before GC invocations=1611 (full 3):
 PSYoungGen      total 2560K, used 1855K [0x00000000d5580000, 0x00000000d5880000, 0x0000000100000000)
  eden space 1536K, 99% used [0x00000000d5580000,0x00000000d56ffff8,0x00000000d5700000)
  from space 1024K, 31% used [0x00000000d5700000,0x00000000d5750000,0x00000000d5800000)
  to   space 512K, 0% used [0x00000000d5800000,0x00000000d5800000,0x00000000d5880000)
 ParOldGen       total 802304K, used 801928K [0x0000000080000000, 0x00000000b0f80000, 0x00000000d5580000)
  object space 802304K, 99% used [0x0000000080000000,0x00000000b0f22268,0x00000000b0f80000)
 Metaspace       used 59668K, committed 60928K, reserved 1114112K
  class space    used 6482K, committed 7040K, reserved 1048576K
}
Event: 79.714 GC heap after
{Heap after GC invocations=1611 (full 3):
 PSYoungGen      total 2048K, used 430K [0x00000000d5580000, 0x00000000d5880000, 0x0000000100000000)
  eden space 1536K, 0% used [0x00000000d5580000,0x00000000d5580000,0x00000000d5700000)
  from space 512K, 84% used [0x00000000d5800000,0x00000000d586b940,0x00000000d5880000)
  to   space 512K, 0% used [0x00000000d5780000,0x00000000d5780000,0x00000000d5800000)
 ParOldGen       total 802304K, used 802048K [0x0000000080000000, 0x00000000b0f80000, 0x00000000d5580000)
  object space 802304K, 99% used [0x0000000080000000,0x00000000b0f40278,0x00000000b0f80000)
 Metaspace       used 59668K, committed 60928K, reserved 1114112K
  class space    used 6482K, committed 7040K, reserved 1048576K
}
Event: 79.822 GC heap before
{Heap before GC invocations=1612 (full 3):
 PSYoungGen      total 2048K, used 1966K [0x00000000d5580000, 0x00000000d5880000, 0x0000000100000000)
  eden space 1536K, 99% used [0x00000000d5580000,0x00000000d56fffd8,0x00000000d5700000)
  from space 512K, 84% used [0x00000000d5800000,0x00000000d586b940,0x00000000d5880000)
  to   space 512K, 0% used [0x00000000d5780000,0x00000000d5780000,0x00000000d5800000)
 ParOldGen       total 802304K, used 802048K [0x0000000080000000, 0x00000000b0f80000, 0x00000000d5580000)
  object space 802304K, 99% used [0x0000000080000000,0x00000000b0f40278,0x00000000b0f80000)
 Metaspace       used 59845K, committed 61120K, reserved 1114112K
  class space    used 6501K, committed 7040K, reserved 1048576K
}
Event: 79.825 GC heap after
{Heap after GC invocations=1612 (full 3):
 PSYoungGen      total 2048K, used 192K [0x00000000d5580000, 0x00000000d5880000, 0x0000000100000000)
  eden space 1536K, 0% used [0x00000000d5580000,0x00000000d5580000,0x00000000d5700000)
  from space 512K, 37% used [0x00000000d5780000,0x00000000d57b0000,0x00000000d5800000)
  to   space 512K, 0% used [0x00000000d5800000,0x00000000d5800000,0x00000000d5880000)
 ParOldGen       total 802304K, used 802174K [0x0000000080000000, 0x00000000b0f80000, 0x00000000d5580000)
  object space 802304K, 99% used [0x0000000080000000,0x00000000b0f5f928,0x00000000b0f80000)
 Metaspace       used 59845K, committed 61120K, reserved 1114112K
  class space    used 6501K, committed 7040K, reserved 1048576K
}

