# JRE version: OpenJDK Runtime Environment Temurin-21.0.8+9 (21.0.8+9) (build 21.0.8+9-LTS)
# Java VM: OpenJDK 64-Bit Server VM Temurin-21.0.8+9 (21.0.8+9-LTS, mixed mode, sharing, tiered, compressed oops, compressed class ptrs, parallel gc, windows-amd64)
GC Precious Log:
 CardTable entry size: 512
 CPUs: 12 total, 12 available
 Memory: 7365M
 Large Page Support: Disabled
 NUMA Support: Disabled
 Compressed Oops: Enabled (32-bit)
 Alignments: Space 512K, Generation 512K, Heap 2M
 Heap Min Capacity: 100M
 Heap Initial Capacity: 100M
 Heap Max Capacity: 2G
 Pre-touch: Disabled
 Parallel Workers: 10
Heap:
 PSYoungGen      total 3072K, used 747K [0x00000000d5580000, 0x00000000d5b80000, 0x0000000100000000)
  eden space 2560K, 11% used [0x00000000d5580000,0x00000000d55cafd8,0x00000000d5800000)
  from space 512K, 87% used [0x00000000d5800000,0x00000000d5870000,0x00000000d5880000)
  to   space 1536K, 0% used [0x00000000d5a00000,0x00000000d5a00000,0x00000000d5b80000)
 ParOldGen       total 590336K, used 590148K [0x0000000080000000, 0x00000000a4080000, 0x00000000d5580000)
  object space 590336K, 99% used [0x0000000080000000,0x00000000a4051298,0x00000000a4080000)
 Metaspace       used 98066K, committed 99520K, reserved 1179648K
  class space    used 9427K, committed 10176K, reserved 1048576K
GC Heap History (20 events):
Event: 949141.518 GC heap before
{Heap before GC invocations=43848 (full 59):
 PSYoungGen      total 4608K, used 4586K [0x00000000d5580000, 0x00000000d5b80000, 0x0000000100000000)
  eden space 4096K, 100% used [0x00000000d5580000,0x00000000d5980000,0x00000000d5980000)
  from space 512K, 95% used [0x00000000d5a80000,0x00000000d5afa910,0x00000000d5b00000)
  to   space 512K, 0% used [0x00000000d5b00000,0x00000000d5b00000,0x00000000d5b80000)
 ParOldGen       total 577536K, used 577361K [0x0000000080000000, 0x00000000a3400000, 0x00000000d5580000)
  object space 577536K, 99% used [0x0000000080000000,0x00000000a33d4468,0x00000000a3400000)
 Metaspace       used 98066K, committed 99520K, reserved 1179648K
  class space    used 9427K, committed 10176K, reserved 1048576K
}
Event: 949141.520 GC heap after
{Heap after GC invocations=43848 (full 59):
 PSYoungGen      total 4608K, used 500K [0x00000000d5580000, 0x00000000d5c80000, 0x0000000100000000)
  eden space 4096K, 0% used [0x00000000d5580000,0x00000000d5580000,0x00000000d5980000)
  from space 512K, 97% used [0x00000000d5b00000,0x00000000d5b7d200,0x00000000d5b80000)
  to   space 1536K, 0% used [0x00000000d5980000,0x00000000d5980000,0x00000000d5b00000)
 ParOldGen       total 578560K, used 578077K [0x0000000080000000, 0x00000000a3500000, 0x00000000d5580000)
  object space 578560K, 99% used [0x0000000080000000,0x00000000a34876c8,0x00000000a3500000)
 Metaspace       used 98066K, committed 99520K, reserved 1179648K
  class space    used 9427K, committed 10176K, reserved 1048576K
}
Event: 949150.811 GC heap before
{Heap before GC invocations=43849 (full 59):
 PSYoungGen      total 4608K, used 4596K [0x00000000d5580000, 0x00000000d5c80000, 0x0000000100000000)
  eden space 4096K, 100% used [0x00000000d5580000,0x00000000d5980000,0x00000000d5980000)
  from space 512K, 97% used [0x00000000d5b00000,0x00000000d5b7d200,0x00000000d5b80000)
  to   space 1536K, 0% used [0x00000000d5980000,0x00000000d5980000,0x00000000d5b00000)
 ParOldGen       total 578560K, used 578077K [0x0000000080000000, 0x00000000a3500000, 0x00000000d5580000)
  object space 578560K, 99% used [0x0000000080000000,0x00000000a34876c8,0x00000000a3500000)
 Metaspace       used 98066K, committed 99520K, reserved 1179648K
  class space    used 9427K, committed 10176K, reserved 1048576K
}
Event: 949150.812 GC heap after
{Heap after GC invocations=43849 (full 59):
 PSYoungGen      total 5120K, used 586K [0x00000000d5580000, 0x00000000d5b80000, 0x0000000100000000)
  eden space 4096K, 0% used [0x00000000d5580000,0x00000000d5580000,0x00000000d5980000)
  from space 1024K, 57% used [0x00000000d5980000,0x00000000d5a12910,0x00000000d5a80000)
  to   space 1024K, 0% used [0x00000000d5a80000,0x00000000d5a80000,0x00000000d5b80000)
 ParOldGen       total 578560K, used 578479K [0x0000000080000000, 0x00000000a3500000, 0x00000000d5580000)
  object space 578560K, 99% used [0x0000000080000000,0x00000000a34ebc68,0x00000000a3500000)
 Metaspace       used 98066K, committed 99520K, reserved 1179648K
  class space    used 9427K, committed 10176K, reserved 1048576K
}
Event: 949163.526 GC heap before
{Heap before GC invocations=43850 (full 59):
 PSYoungGen      total 5120K, used 4682K [0x00000000d5580000, 0x00000000d5b80000, 0x0000000100000000)
  eden space 4096K, 100% used [0x00000000d5580000,0x00000000d5980000,0x00000000d5980000)
  from space 1024K, 57% used [0x00000000d5980000,0x00000000d5a12910,0x00000000d5a80000)
  to   space 1024K, 0% used [0x00000000d5a80000,0x00000000d5a80000,0x00000000d5b80000)
 ParOldGen       total 578560K, used 578479K [0x0000000080000000, 0x00000000a3500000, 0x00000000d5580000)
  object space 578560K, 99% used [0x0000000080000000,0x00000000a34ebc68,0x00000000a3500000)
 Metaspace       used 98066K, committed 99520K, reserved 1179648K
  class space    used 9427K, committed 10176K, reserved 1048576K
}
Event: 949163.535 GC heap after
{Heap after GC invocations=43850 (full 59):
 PSYoungGen      total 4608K, used 372K [0x00000000d5580000, 0x00000000d5b00000, 0x0000000100000000)
  eden space 4096K, 0% used [0x00000000d5580000,0x00000000d5580000,0x00000000d5980000)
  from space 512K, 72% used [0x00000000d5a80000,0x00000000d5add200,0x00000000d5b00000)
  to   space 512K, 0% used [0x00000000d5a00000,0x00000000d5a00000,0x00000000d5a80000)
 ParOldGen       total 579072K, used 578671K [0x0000000080000000, 0x00000000a3580000, 0x00000000d5580000)
  object space 579072K, 99% used [0x0000000080000000,0x00000000a351bc68,0x00000000a3580000)
 Metaspace       used 98066K, committed 99520K, reserved 1179648K
  class space    used 9427K, committed 10176K, reserved 1048576K
}
Event: 949163.585 GC heap before
{Heap before GC invocations=43851 (full 59):
 PSYoungGen      total 4608K, used 4468K [0x00000000d5580000, 0x00000000d5b00000, 0x0000000100000000)
  eden space 4096K, 100% used [0x00000000d5580000,0x00000000d5980000,0x00000000d5980000)
  from space 512K, 72% used [0x00000000d5a80000,0x00000000d5add200,0x00000000d5b00000)
  to   space 512K, 0% used [0x00000000d5a00000,0x00000000d5a00000,0x00000000d5a80000)
 ParOldGen       total 579072K, used 578671K [0x0000000080000000, 0x00000000a3580000, 0x00000000d5580000)
  object space 579072K, 99% used [0x0000000080000000,0x00000000a351bc68,0x00000000a3580000)
 Metaspace       used 98066K, committed 99520K, reserved 1179648K
  class space    used 9427K, committed 10176K, reserved 1048576K
}
Event: 949163.592 GC heap after
{Heap after GC invocations=43851 (full 59):
 PSYoungGen      total 4608K, used 512K [0x00000000d5580000, 0x00000000d6080000, 0x0000000100000000)
  eden space 4096K, 0% used [0x00000000d5580000,0x00000000d5580000,0x00000000d5980000)
  from space 512K, 100% used [0x00000000d5a00000,0x00000000d5a80000,0x00000000d5a80000)
  to   space 3584K, 0% used [0x00000000d5d00000,0x00000000d5d00000,0x00000000d6080000)
 ParOldGen       total 581120K, used 580893K [0x0000000080000000, 0x00000000a3780000, 0x00000000d5580000)
  object space 581120K, 99% used [0x0000000080000000,0x00000000a3747478,0x00000000a3780000)
 Metaspace       used 98066K, committed 99520K, reserved 1179648K
  class space    used 9427K, committed 10176K, reserved 1048576K
}
Event: 949163.605 GC heap before
{Heap before GC invocations=43852 (full 59):
 PSYoungGen      total 4608K, used 4608K [0x00000000d5580000, 0x00000000d6080000, 0x0000000100000000)
  eden space 4096K, 100% used [0x00000000d5580000,0x00000000d5980000,0x00000000d5980000)
  from space 512K, 100% used [0x00000000d5a00000,0x00000000d5a80000,0x00000000d5a80000)
  to   space 3584K, 0% used [0x00000000d5d00000,0x00000000d5d00000,0x00000000d6080000)
 ParOldGen       total 581120K, used 580893K [0x0000000080000000, 0x00000000a3780000, 0x00000000d5580000)
  object space 581120K, 99% used [0x0000000080000000,0x00000000a3747478,0x00000000a3780000)
 Metaspace       used 98066K, committed 99520K, reserved 1179648K
  class space    used 9427K, committed 10176K, reserved 1048576K
}
Event: 949163.608 GC heap after
{Heap after GC invocations=43852 (full 59):
 PSYoungGen      total 7168K, used 3409K [0x00000000d5580000, 0x00000000d6180000, 0x0000000100000000)
  eden space 3584K, 0% used [0x00000000d5580000,0x00000000d5580000,0x00000000d5900000)
  from space 3584K, 95% used [0x00000000d5d00000,0x00000000d6054610,0x00000000d6080000)
  to   space 4096K, 0% used [0x00000000d5900000,0x00000000d5900000,0x00000000d5d00000)
 ParOldGen       total 581632K, used 581405K [0x0000000080000000, 0x00000000a3800000, 0x00000000d5580000)
  object space 581632K, 99% used [0x0000000080000000,0x00000000a37c7478,0x00000000a3800000)
 Metaspace       used 98066K, committed 99520K, reserved 1179648K
  class space    used 9427K, committed 10176K, reserved 1048576K
}
Event: 949163.626 GC heap before
{Heap before GC invocations=43853 (full 59):
 PSYoungGen      total 7168K, used 6993K [0x00000000d5580000, 0x00000000d6180000, 0x0000000100000000)
  eden space 3584K, 100% used [0x00000000d5580000,0x00000000d5900000,0x00000000d5900000)
  from space 3584K, 95% used [0x00000000d5d00000,0x00000000d6054610,0x00000000d6080000)
  to   space 4096K, 0% used [0x00000000d5900000,0x00000000d5900000,0x00000000d5d00000)
 ParOldGen       total 581632K, used 581405K [0x0000000080000000, 0x00000000a3800000, 0x00000000d5580000)
  object space 581632K, 99% used [0x0000000080000000,0x00000000a37c7478,0x00000000a3800000)
 Metaspace       used 98066K, committed 99520K, reserved 1179648K
  class space    used 9427K, committed 10176K, reserved 1048576K
}
Event: 949163.630 GC heap after
{Heap after GC invocations=43853 (full 59):
 PSYoungGen      total 4096K, used 410K [0x00000000d5580000, 0x00000000d5d80000, 0x0000000100000000)
  eden space 3584K, 0% used [0x00000000d5580000,0x00000000d5580000,0x00000000d5900000)
  from space 512K, 80% used [0x00000000d5900000,0x00000000d5966900,0x00000000d5980000)
  to   space 1536K, 0% used [0x00000000d5c00000,0x00000000d5c00000,0x00000000d5d80000)
 ParOldGen       total 583168K, used 582685K [0x0000000080000000, 0x00000000a3980000, 0x00000000d5580000)
  object space 583168K, 99% used [0x0000000080000000,0x00000000a3907478,0x00000000a3980000)
 Metaspace       used 98066K, committed 99520K, reserved 1179648K
  class space    used 9427K, committed 10176K, reserved 1048576K
}
Event: 949163.635 GC heap before
{Heap before GC invocations=43854 (full 59):
 PSYoungGen      total 4096K, used 3994K [0x00000000d5580000, 0x00000000d5d80000, 0x0000000100000000)
  eden space 3584K, 100% used [0x00000000d5580000,0x00000000d5900000,0x00000000d5900000)
  from space 512K, 80% used [0x00000000d5900000,0x00000000d5966900,0x00000000d5980000)
  to   space 1536K, 0% used [0x00000000d5c00000,0x00000000d5c00000,0x00000000d5d80000)
 ParOldGen       total 583168K, used 582685K [0x0000000080000000, 0x00000000a3980000, 0x00000000d5580000)
  object space 583168K, 99% used [0x0000000080000000,0x00000000a3907478,0x00000000a3980000)
 Metaspace       used 98066K, committed 99520K, reserved 1179648K
  class space    used 9427K, committed 10176K, reserved 1048576K
}
Event: 949163.638 GC heap after
{Heap after GC invocations=43854 (full 59):
 PSYoungGen      total 3584K, used 1521K [0x00000000d5580000, 0x00000000d6200000, 0x0000000100000000)
  eden space 2048K, 0% used [0x00000000d5580000,0x00000000d5580000,0x00000000d5780000)
  from space 1536K, 99% used [0x00000000d5c00000,0x00000000d5d7c610,0x00000000d5d80000)
  to   space 4608K, 0% used [0x00000000d5780000,0x00000000d5780000,0x00000000d5c00000)
 ParOldGen       total 585216K, used 584777K [0x0000000080000000, 0x00000000a3b80000, 0x00000000d5580000)
  object space 585216K, 99% used [0x0000000080000000,0x00000000a3b12678,0x00000000a3b80000)
 Metaspace       used 98066K, committed 99520K, reserved 1179648K
  class space    used 9427K, committed 10176K, reserved 1048576K
}
Event: 949163.643 GC heap before
{Heap before GC invocations=43855 (full 59):
 PSYoungGen      total 3584K, used 3569K [0x00000000d5580000, 0x00000000d6200000, 0x0000000100000000)
  eden space 2048K, 100% used [0x00000000d5580000,0x00000000d5780000,0x00000000d5780000)
  from space 1536K, 99% used [0x00000000d5c00000,0x00000000d5d7c610,0x00000000d5d80000)
  to   space 4608K, 0% used [0x00000000d5780000,0x00000000d5780000,0x00000000d5c00000)
 ParOldGen       total 585216K, used 584777K [0x0000000080000000, 0x00000000a3b80000, 0x00000000d5580000)
  object space 585216K, 99% used [0x0000000080000000,0x00000000a3b12678,0x00000000a3b80000)
 Metaspace       used 98066K, committed 99520K, reserved 1179648K
  class space    used 9427K, committed 10176K, reserved 1048576K
}
Event: 949163.645 GC heap after
{Heap after GC invocations=43855 (full 59):
 PSYoungGen      total 4096K, used 1809K [0x00000000d5580000, 0x00000000d5d00000, 0x0000000100000000)
  eden space 2048K, 0% used [0x00000000d5580000,0x00000000d5580000,0x00000000d5780000)
  from space 2048K, 88% used [0x00000000d5780000,0x00000000d5944610,0x00000000d5980000)
  to   space 2560K, 0% used [0x00000000d5a80000,0x00000000d5a80000,0x00000000d5d00000)
 ParOldGen       total 586752K, used 586355K [0x0000000080000000, 0x00000000a3d00000, 0x00000000d5580000)
  object space 586752K, 99% used [0x0000000080000000,0x00000000a3c9cc88,0x00000000a3d00000)
 Metaspace       used 98066K, committed 99520K, reserved 1179648K
  class space    used 9427K, committed 10176K, reserved 1048576K
}
Event: 949163.648 GC heap before
{Heap before GC invocations=43856 (full 59):
 PSYoungGen      total 4096K, used 3857K [0x00000000d5580000, 0x00000000d5d00000, 0x0000000100000000)
  eden space 2048K, 100% used [0x00000000d5580000,0x00000000d5780000,0x00000000d5780000)
  from space 2048K, 88% used [0x00000000d5780000,0x00000000d5944610,0x00000000d5980000)
  to   space 2560K, 0% used [0x00000000d5a80000,0x00000000d5a80000,0x00000000d5d00000)
 ParOldGen       total 586752K, used 586355K [0x0000000080000000, 0x00000000a3d00000, 0x00000000d5580000)
  object space 586752K, 99% used [0x0000000080000000,0x00000000a3c9cc88,0x00000000a3d00000)
 Metaspace       used 98066K, committed 99520K, reserved 1179648K
  class space    used 9427K, committed 10176K, reserved 1048576K
}
Event: 949163.652 GC heap after
{Heap after GC invocations=43856 (full 59):
 PSYoungGen      total 5120K, used 2144K [0x00000000d5580000, 0x00000000d5d00000, 0x0000000100000000)
  eden space 2560K, 0% used [0x00000000d5580000,0x00000000d5580000,0x00000000d5800000)
  from space 2560K, 83% used [0x00000000d5a80000,0x00000000d5c98000,0x00000000d5d00000)
  to   space 2560K, 0% used [0x00000000d5800000,0x00000000d5800000,0x00000000d5a80000)
 ParOldGen       total 588288K, used 588108K [0x0000000080000000, 0x00000000a3e80000, 0x00000000d5580000)
  object space 588288K, 99% used [0x0000000080000000,0x00000000a3e53298,0x00000000a3e80000)
 Metaspace       used 98066K, committed 99520K, reserved 1179648K
  class space    used 9427K, committed 10176K, reserved 1048576K
}
Event: 949328.589 GC heap before
{Heap before GC invocations=43857 (full 59):
 PSYoungGen      total 5120K, used 4703K [0x00000000d5580000, 0x00000000d5d00000, 0x0000000100000000)
  eden space 2560K, 99% used [0x00000000d5580000,0x00000000d57ffff8,0x00000000d5800000)
  from space 2560K, 83% used [0x00000000d5a80000,0x00000000d5c98000,0x00000000d5d00000)
  to   space 2560K, 0% used [0x00000000d5800000,0x00000000d5800000,0x00000000d5a80000)
 ParOldGen       total 588288K, used 588108K [0x0000000080000000, 0x00000000a3e80000, 0x00000000d5580000)
  object space 588288K, 99% used [0x0000000080000000,0x00000000a3e53298,0x00000000a3e80000)
 Metaspace       used 98066K, committed 99520K, reserved 1179648K
  class space    used 9427K, committed 10176K, reserved 1048576K
}
Event: 949328.823 GC heap after
{Heap after GC invocations=43857 (full 59):
 PSYoungGen      total 3072K, used 448K [0x00000000d5580000, 0x00000000d5b80000, 0x0000000100000000)
  eden space 2560K, 0% used [0x00000000d5580000,0x00000000d5580000,0x00000000d5800000)
  from space 512K, 87% used [0x00000000d5800000,0x00000000d5870000,0x00000000d5880000)
  to   space 1536K, 0% used [0x00000000d5a00000,0x00000000d5a00000,0x00000000d5b80000)
 ParOldGen       total 590336K, used 590148K [0x0000000080000000, 0x00000000a4080000, 0x00000000d5580000)
  object space 590336K, 99% used [0x0000000080000000,0x00000000a4051298,0x00000000a4080000)
 Metaspace       used 98066K, committed 99520K, reserved 1179648K
  class space    used 9427K, committed 10176K, reserved 1048576K
}

